<?xml version="1.0" encoding="UTF-8"?>
<!-- Generated by org.testng.reporters.JUnitReportReporter -->
<testsuite hostname="DESKTOP-SVS2QOQ" failures="0" tests="1" name="com.inetbanking.testCases.TC_LoginTest_001" time="23.278" errors="0" timestamp="26 Jan 2020 22:00:46 GMT" skipped="0">
  <testcase classname="com.inetbanking.testCases.TC_LoginTest_001" name="loginTest" time="23.278"/>
</testsuite> <!-- com.inetbanking.testCases.TC_LoginTest_001 -->
